app/build/intermediates/manifest_merge_blame_file/debug/processDebugMainManifest/manifest-merger-blame-debug-report.txt
1<?xml version="1.0" encoding="utf-8"?>
2<manifest xmlns:android="http://schemas.android.com/apk/res/android"
3    package="com.rentacar"
4    android:versionCode="1"
5    android:versionName="1.0" >
6
7    <uses-sdk
8        android:minSdkVersion="24"
9        android:targetSdkVersion="34" />
10
11    <uses-permission android:name="android.permission.INTERNET" />
11-->src\main\AndroidManifest.xml:5:5-67
11-->src\main\AndroidManifest.xml:5:22-64
12    <uses-permission android:name="android.permission.ACCESS_NETWORK_STATE" />
12-->src\main\AndroidManifest.xml:6:5-79
12-->src\main\AndroidManifest.xml:6:22-76
13    <uses-permission android:name="android.permission.POST_NOTIFICATIONS" />
13-->src\main\AndroidManifest.xml:7:5-77
13-->src\main\AndroidManifest.xml:7:22-74
14
15    <!-- See https://developer.android.com/training/package-visibility/declaring for more details. -->
16    <queries>
16-->[com.stripe:payments-core:20.52.0] AndroidManifest.xml:8:5-12:15
17
18        <!-- Added to check if Chrome is installed for browser-based payment authentication (e.g. 3DS1). -->
19        <package android:name="com.android.chrome" />
19-->[com.stripe:payments-core:20.52.0] AndroidManifest.xml:11:9-54
19-->[com.stripe:payments-core:20.52.0] AndroidManifest.xml:11:18-51
20        <package android:name="com.facebook.katana" /> <!-- Needs to be explicitly declared on Android R+ -->
20-->[com.facebook.android:facebook-common:16.3.0] AndroidManifest.xml:18:9-55
20-->[com.facebook.android:facebook-common:16.3.0] AndroidManifest.xml:18:18-52
21        <package android:name="com.google.android.apps.maps" />
21-->[com.google.android.gms:play-services-maps:18.0.2] AndroidManifest.xml:33:9-64
21-->[com.google.android.gms:play-services-maps:18.0.2] AndroidManifest.xml:33:18-61
22    </queries>
23
24    <uses-permission android:name="android.permission.WAKE_LOCK" /> <!-- Required by older versions of Google Play services to create IID tokens -->
24-->[com.google.firebase:firebase-messaging:23.4.1] AndroidManifest.xml:24:5-68
24-->[com.google.firebase:firebase-messaging:23.4.1] AndroidManifest.xml:24:22-65
25    <uses-permission android:name="com.google.android.c2dm.permission.RECEIVE" />
25-->[com.google.firebase:firebase-messaging:23.4.1] AndroidManifest.xml:26:5-82
25-->[com.google.firebase:firebase-messaging:23.4.1] AndroidManifest.xml:26:22-79
26
27    <uses-feature
27-->[com.google.android.gms:play-services-maps:18.0.2] AndroidManifest.xml:26:5-28:35
28        android:glEsVersion="0x00020000"
28-->[com.google.android.gms:play-services-maps:18.0.2] AndroidManifest.xml:27:9-41
29        android:required="true" />
29-->[com.google.android.gms:play-services-maps:18.0.2] AndroidManifest.xml:28:9-32
30
31    <uses-permission android:name="com.google.android.gms.permission.AD_ID" />
31-->[com.google.android.gms:play-services-measurement-api:21.5.1] AndroidManifest.xml:25:5-79
31-->[com.google.android.gms:play-services-measurement-api:21.5.1] AndroidManifest.xml:25:22-76
32    <uses-permission android:name="android.permission.ACCESS_ADSERVICES_ATTRIBUTION" />
32-->[com.google.android.gms:play-services-measurement-api:21.5.1] AndroidManifest.xml:26:5-88
32-->[com.google.android.gms:play-services-measurement-api:21.5.1] AndroidManifest.xml:26:22-85
33    <uses-permission android:name="android.permission.ACCESS_ADSERVICES_AD_ID" />
33-->[com.google.android.gms:play-services-measurement-api:21.5.1] AndroidManifest.xml:27:5-82
33-->[com.google.android.gms:play-services-measurement-api:21.5.1] AndroidManifest.xml:27:22-79
34    <uses-permission android:name="com.google.android.finsky.permission.BIND_GET_INSTALL_REFERRER_SERVICE" />
34-->[com.google.android.gms:play-services-measurement:21.5.1] AndroidManifest.xml:26:5-110
34-->[com.google.android.gms:play-services-measurement:21.5.1] AndroidManifest.xml:26:22-107
35    <uses-permission android:name="com.google.android.providers.gsf.permission.READ_GSERVICES" />
35-->[com.google.android.recaptcha:recaptcha:18.4.0] AndroidManifest.xml:9:5-98
35-->[com.google.android.recaptcha:recaptcha:18.4.0] AndroidManifest.xml:9:22-95
36    <uses-permission android:name="android.permission.RECEIVE_BOOT_COMPLETED" />
36-->[androidx.work:work-runtime:2.9.0] AndroidManifest.xml:25:5-81
36-->[androidx.work:work-runtime:2.9.0] AndroidManifest.xml:25:22-78
37    <uses-permission android:name="android.permission.FOREGROUND_SERVICE" />
37-->[androidx.work:work-runtime:2.9.0] AndroidManifest.xml:26:5-77
37-->[androidx.work:work-runtime:2.9.0] AndroidManifest.xml:26:22-74
38
39    <permission
39-->[androidx.core:core:1.13.1] AndroidManifest.xml:22:5-24:47
40        android:name="com.rentacar.DYNAMIC_RECEIVER_NOT_EXPORTED_PERMISSION"
40-->[androidx.core:core:1.13.1] AndroidManifest.xml:23:9-81
41        android:protectionLevel="signature" />
41-->[androidx.core:core:1.13.1] AndroidManifest.xml:24:9-44
42
43    <uses-permission android:name="com.rentacar.DYNAMIC_RECEIVER_NOT_EXPORTED_PERMISSION" />
43-->[androidx.core:core:1.13.1] AndroidManifest.xml:26:5-97
43-->[androidx.core:core:1.13.1] AndroidManifest.xml:26:22-94
44
45    <application
45-->src\main\AndroidManifest.xml:9:5-75:19
46        android:name="com.rentacar.RentACarApp"
46-->src\main\AndroidManifest.xml:10:9-36
47        android:allowBackup="true"
47-->src\main\AndroidManifest.xml:11:9-35
48        android:appComponentFactory="androidx.core.app.CoreComponentFactory"
48-->[androidx.core:core:1.13.1] AndroidManifest.xml:28:18-86
49        android:debuggable="true"
50        android:extractNativeLibs="false"
51        android:icon="@mipmap/ic_launcher"
51-->src\main\AndroidManifest.xml:12:9-43
52        android:label="@string/app_name"
52-->src\main\AndroidManifest.xml:13:9-41
53        android:localeConfig="@xml/locales_config"
53-->src\main\AndroidManifest.xml:14:9-51
54        android:roundIcon="@mipmap/ic_launcher_round"
54-->src\main\AndroidManifest.xml:15:9-54
55        android:supportsRtl="true"
55-->src\main\AndroidManifest.xml:16:9-35
56        android:testOnly="true"
57        android:theme="@style/Theme.RentaCar" >
57-->src\main\AndroidManifest.xml:17:9-46
58
59        <!-- Login / Register -->
60        <activity
60-->src\main\AndroidManifest.xml:20:9-28:20
61            android:name="com.rentacar.auth.LoginActivity"
61-->src\main\AndroidManifest.xml:21:13-47
62            android:exported="true"
62-->src\main\AndroidManifest.xml:22:13-36
63            android:screenOrientation="unspecified" >
63-->src\main\AndroidManifest.xml:23:13-52
64            <intent-filter>
64-->src\main\AndroidManifest.xml:24:13-27:29
65                <action android:name="android.intent.action.MAIN" />
65-->src\main\AndroidManifest.xml:25:17-69
65-->src\main\AndroidManifest.xml:25:25-66
66
67                <category android:name="android.intent.category.LAUNCHER" />
67-->src\main\AndroidManifest.xml:26:17-77
67-->src\main\AndroidManifest.xml:26:27-74
68            </intent-filter>
69        </activity>
70        <activity
70-->src\main\AndroidManifest.xml:30:9-33:55
71            android:name="com.rentacar.auth.RegisterActivity"
71-->src\main\AndroidManifest.xml:31:13-50
72            android:exported="false"
72-->src\main\AndroidManifest.xml:32:13-37
73            android:screenOrientation="unspecified" />
73-->src\main\AndroidManifest.xml:33:13-52
74
75        <!-- Main host -->
76        <activity
76-->src\main\AndroidManifest.xml:36:9-39:55
77            android:name="com.rentacar.MainActivity"
77-->src\main\AndroidManifest.xml:37:13-41
78            android:exported="false"
78-->src\main\AndroidManifest.xml:38:13-37
79            android:screenOrientation="unspecified" />
79-->src\main\AndroidManifest.xml:39:13-52
80
81        <!-- FCM Service -->
82        <service
82-->src\main\AndroidManifest.xml:42:9-48:19
83            android:name="com.rentacar.messaging.RentACarMessagingService"
83-->src\main\AndroidManifest.xml:43:13-63
84            android:exported="false" >
84-->src\main\AndroidManifest.xml:44:13-37
85            <intent-filter>
85-->src\main\AndroidManifest.xml:45:13-47:29
86                <action android:name="com.google.firebase.MESSAGING_EVENT" />
86-->src\main\AndroidManifest.xml:46:17-78
86-->src\main\AndroidManifest.xml:46:25-75
87            </intent-filter>
88        </service>
89
90        <!-- WorkManager auto-initializes via the Startup library — no extra config needed -->
91
92
93        <!-- Facebook App ID (replace with real value) -->
94        <meta-data
94-->src\main\AndroidManifest.xml:53:9-55:55
95            android:name="com.facebook.sdk.ApplicationId"
95-->src\main\AndroidManifest.xml:54:13-58
96            android:value="@string/facebook_app_id" />
96-->src\main\AndroidManifest.xml:55:13-52
97        <meta-data
97-->src\main\AndroidManifest.xml:56:9-58:61
98            android:name="com.facebook.sdk.ClientToken"
98-->src\main\AndroidManifest.xml:57:13-56
99            android:value="@string/facebook_client_token" />
99-->src\main\AndroidManifest.xml:58:13-58
100
101        <activity
101-->src\main\AndroidManifest.xml:60:9-63:48
102            android:name="com.facebook.FacebookActivity"
102-->src\main\AndroidManifest.xml:61:13-57
103            android:configChanges="keyboard|keyboardHidden|screenLayout|screenSize|orientation"
103-->src\main\AndroidManifest.xml:62:13-96
104            android:label="@string/app_name"
104-->src\main\AndroidManifest.xml:63:13-45
105            android:theme="@style/com_facebook_activity_theme" />
105-->[com.facebook.android:facebook-common:16.3.0] AndroidManifest.xml:25:13-63
106        <activity
106-->src\main\AndroidManifest.xml:64:9-73:20
107            android:name="com.facebook.CustomTabActivity"
107-->src\main\AndroidManifest.xml:65:13-58
108            android:exported="true" >
108-->src\main\AndroidManifest.xml:66:13-36
109            <intent-filter>
109-->src\main\AndroidManifest.xml:67:13-72:29
110                <action android:name="android.intent.action.VIEW" />
110-->src\main\AndroidManifest.xml:68:17-69
110-->src\main\AndroidManifest.xml:68:25-66
111
112                <category android:name="android.intent.category.DEFAULT" />
112-->src\main\AndroidManifest.xml:69:17-76
112-->src\main\AndroidManifest.xml:69:27-73
113                <category android:name="android.intent.category.BROWSABLE" />
113-->src\main\AndroidManifest.xml:70:17-78
113-->src\main\AndroidManifest.xml:70:27-75
114
115                <data android:scheme="string/fb_login_protocol_scheme" />
115-->src\main\AndroidManifest.xml:71:17-74
115-->src\main\AndroidManifest.xml:71:23-71
116            </intent-filter>
117            <intent-filter>
117-->[com.facebook.android:facebook-common:16.3.0] AndroidManifest.xml:31:13-40:29
118                <action android:name="android.intent.action.VIEW" />
118-->src\main\AndroidManifest.xml:68:17-69
118-->src\main\AndroidManifest.xml:68:25-66
119
120                <category android:name="android.intent.category.DEFAULT" />
120-->src\main\AndroidManifest.xml:69:17-76
120-->src\main\AndroidManifest.xml:69:27-73
121                <category android:name="android.intent.category.BROWSABLE" />
121-->src\main\AndroidManifest.xml:70:17-78
121-->src\main\AndroidManifest.xml:70:27-75
122
123                <data
123-->src\main\AndroidManifest.xml:71:17-74
124                    android:host="cct.com.rentacar"
125                    android:scheme="fbconnect" />
125-->src\main\AndroidManifest.xml:71:23-71
126            </intent-filter>
127        </activity>
128        <activity
128-->[com.stripe:paymentsheet:20.52.0] AndroidManifest.xml:8:9-11:69
129            android:name="com.stripe.android.paymentsheet.PaymentSheetActivity"
129-->[com.stripe:paymentsheet:20.52.0] AndroidManifest.xml:9:13-80
130            android:exported="false"
130-->[com.stripe:paymentsheet:20.52.0] AndroidManifest.xml:10:13-37
131            android:theme="@style/StripePaymentSheetDefaultTheme" />
131-->[com.stripe:paymentsheet:20.52.0] AndroidManifest.xml:11:13-66
132        <activity
132-->[com.stripe:paymentsheet:20.52.0] AndroidManifest.xml:12:9-15:69
133            android:name="com.stripe.android.paymentsheet.PaymentOptionsActivity"
133-->[com.stripe:paymentsheet:20.52.0] AndroidManifest.xml:13:13-82
134            android:exported="false"
134-->[com.stripe:paymentsheet:20.52.0] AndroidManifest.xml:14:13-37
135            android:theme="@style/StripePaymentSheetDefaultTheme" />
135-->[com.stripe:paymentsheet:20.52.0] AndroidManifest.xml:15:13-66
136        <activity
136-->[com.stripe:paymentsheet:20.52.0] AndroidManifest.xml:16:9-19:69
137            android:name="com.stripe.android.customersheet.CustomerSheetActivity"
137-->[com.stripe:paymentsheet:20.52.0] AndroidManifest.xml:17:13-82
138            android:exported="false"
138-->[com.stripe:paymentsheet:20.52.0] AndroidManifest.xml:18:13-37
139            android:theme="@style/StripePaymentSheetDefaultTheme" />
139-->[com.stripe:paymentsheet:20.52.0] AndroidManifest.xml:19:13-66
140        <activity
140-->[com.stripe:paymentsheet:20.52.0] AndroidManifest.xml:20:9-23:69
141            android:name="com.stripe.android.paymentsheet.addresselement.AddressElementActivity"
141-->[com.stripe:paymentsheet:20.52.0] AndroidManifest.xml:21:13-97
142            android:exported="false"
142-->[com.stripe:paymentsheet:20.52.0] AndroidManifest.xml:22:13-37
143            android:theme="@style/StripePaymentSheetDefaultTheme" />
143-->[com.stripe:paymentsheet:20.52.0] AndroidManifest.xml:23:13-66
144        <activity
144-->[com.stripe:paymentsheet:20.52.0] AndroidManifest.xml:24:9-27:69
145            android:name="com.stripe.android.paymentsheet.paymentdatacollection.bacs.BacsMandateConfirmationActivity"
145-->[com.stripe:paymentsheet:20.52.0] AndroidManifest.xml:25:13-118
146            android:exported="false"
146-->[com.stripe:paymentsheet:20.52.0] AndroidManifest.xml:26:13-37
147            android:theme="@style/StripePaymentSheetDefaultTheme" />
147-->[com.stripe:paymentsheet:20.52.0] AndroidManifest.xml:27:13-66
148        <activity
148-->[com.stripe:paymentsheet:20.52.0] AndroidManifest.xml:28:9-31:69
149            android:name="com.stripe.android.paymentsheet.paymentdatacollection.polling.PollingActivity"
149-->[com.stripe:paymentsheet:20.52.0] AndroidManifest.xml:29:13-105
150            android:exported="false"
150-->[com.stripe:paymentsheet:20.52.0] AndroidManifest.xml:30:13-37
151            android:theme="@style/StripePaymentSheetDefaultTheme" />
151-->[com.stripe:paymentsheet:20.52.0] AndroidManifest.xml:31:13-66
152        <activity
152-->[com.stripe:paymentsheet:20.52.0] AndroidManifest.xml:32:9-35:69
153            android:name="com.stripe.android.paymentsheet.ui.SepaMandateActivity"
153-->[com.stripe:paymentsheet:20.52.0] AndroidManifest.xml:33:13-82
154            android:exported="false"
154-->[com.stripe:paymentsheet:20.52.0] AndroidManifest.xml:34:13-37
155            android:theme="@style/StripePaymentSheetDefaultTheme" />
155-->[com.stripe:paymentsheet:20.52.0] AndroidManifest.xml:35:13-66
156        <activity
156-->[com.stripe:paymentsheet:20.52.0] AndroidManifest.xml:36:9-39:68
157            android:name="com.stripe.android.paymentsheet.ExternalPaymentMethodProxyActivity"
157-->[com.stripe:paymentsheet:20.52.0] AndroidManifest.xml:37:13-94
158            android:exported="false"
158-->[com.stripe:paymentsheet:20.52.0] AndroidManifest.xml:38:13-37
159            android:theme="@style/StripePayLauncherDefaultTheme" />
159-->[com.stripe:paymentsheet:20.52.0] AndroidManifest.xml:39:13-65
160        <activity
160-->[com.stripe:paymentsheet:20.52.0] AndroidManifest.xml:40:9-42:69
161            android:name="com.stripe.android.paymentsheet.paymentdatacollection.cvcrecollection.CvcRecollectionActivity"
161-->[com.stripe:paymentsheet:20.52.0] AndroidManifest.xml:41:13-121
162            android:theme="@style/StripePaymentSheetDefaultTheme" />
162-->[com.stripe:paymentsheet:20.52.0] AndroidManifest.xml:42:13-66
163        <activity
163-->[com.stripe:link:20.52.0] AndroidManifest.xml:8:9-13:61
164            android:name="com.stripe.android.link.LinkActivity"
164-->[com.stripe:link:20.52.0] AndroidManifest.xml:9:13-64
165            android:autoRemoveFromRecents="true"
165-->[com.stripe:link:20.52.0] AndroidManifest.xml:10:13-49
166            android:configChanges="orientation|keyboard|keyboardHidden|screenLayout|screenSize|smallestScreenSize"
166-->[com.stripe:link:20.52.0] AndroidManifest.xml:11:13-115
167            android:launchMode="singleTop"
167-->[com.stripe:link:20.52.0] AndroidManifest.xml:12:13-43
168            android:theme="@style/StripeTransparentTheme" />
168-->[com.stripe:link:20.52.0] AndroidManifest.xml:13:13-58
169        <activity
169-->[com.stripe:link:20.52.0] AndroidManifest.xml:14:9-19:61
170            android:name="com.stripe.android.link.LinkForegroundActivity"
170-->[com.stripe:link:20.52.0] AndroidManifest.xml:15:13-74
171            android:autoRemoveFromRecents="true"
171-->[com.stripe:link:20.52.0] AndroidManifest.xml:16:13-49
172            android:configChanges="orientation|keyboard|keyboardHidden|screenLayout|screenSize|smallestScreenSize"
172-->[com.stripe:link:20.52.0] AndroidManifest.xml:17:13-115
173            android:launchMode="singleTop"
173-->[com.stripe:link:20.52.0] AndroidManifest.xml:18:13-43
174            android:theme="@style/StripeTransparentTheme" />
174-->[com.stripe:link:20.52.0] AndroidManifest.xml:19:13-58
175        <activity
175-->[com.stripe:link:20.52.0] AndroidManifest.xml:20:9-37:20
176            android:name="com.stripe.android.link.LinkRedirectHandlerActivity"
176-->[com.stripe:link:20.52.0] AndroidManifest.xml:21:13-79
177            android:autoRemoveFromRecents="true"
177-->[com.stripe:link:20.52.0] AndroidManifest.xml:22:13-49
178            android:exported="true"
178-->[com.stripe:link:20.52.0] AndroidManifest.xml:23:13-36
179            android:launchMode="singleInstance"
179-->[com.stripe:link:20.52.0] AndroidManifest.xml:24:13-48
180            android:theme="@style/StripeTransparentTheme" >
180-->[com.stripe:link:20.52.0] AndroidManifest.xml:25:13-58
181            <intent-filter>
181-->[com.stripe:link:20.52.0] AndroidManifest.xml:26:13-36:29
182                <action android:name="android.intent.action.VIEW" />
182-->src\main\AndroidManifest.xml:68:17-69
182-->src\main\AndroidManifest.xml:68:25-66
183
184                <category android:name="android.intent.category.DEFAULT" />
184-->src\main\AndroidManifest.xml:69:17-76
184-->src\main\AndroidManifest.xml:69:27-73
185                <category android:name="android.intent.category.BROWSABLE" />
185-->src\main\AndroidManifest.xml:70:17-78
185-->src\main\AndroidManifest.xml:70:27-75
186
187                <data
187-->src\main\AndroidManifest.xml:71:17-74
188                    android:host="complete"
189                    android:path="/com.rentacar"
190                    android:scheme="link-popup" />
190-->src\main\AndroidManifest.xml:71:23-71
191            </intent-filter>
192        </activity>
193        <activity
193-->[com.stripe:payments-ui-core:20.52.0] AndroidManifest.xml:8:9-11:69
194            android:name="com.stripe.android.ui.core.cardscan.CardScanActivity"
194-->[com.stripe:payments-ui-core:20.52.0] AndroidManifest.xml:9:13-80
195            android:exported="false"
195-->[com.stripe:payments-ui-core:20.52.0] AndroidManifest.xml:10:13-37
196            android:theme="@style/StripePaymentSheetDefaultTheme" />
196-->[com.stripe:payments-ui-core:20.52.0] AndroidManifest.xml:11:13-66
197        <activity
197-->[com.stripe:payments-core:20.52.0] AndroidManifest.xml:15:9-18:57
198            android:name="com.stripe.android.view.AddPaymentMethodActivity"
198-->[com.stripe:payments-core:20.52.0] AndroidManifest.xml:16:13-76
199            android:exported="false"
199-->[com.stripe:payments-core:20.52.0] AndroidManifest.xml:17:13-37
200            android:theme="@style/StripeDefaultTheme" />
200-->[com.stripe:payments-core:20.52.0] AndroidManifest.xml:18:13-54
201        <activity
201-->[com.stripe:payments-core:20.52.0] AndroidManifest.xml:19:9-22:57
202            android:name="com.stripe.android.view.PaymentMethodsActivity"
202-->[com.stripe:payments-core:20.52.0] AndroidManifest.xml:20:13-74
203            android:exported="false"
203-->[com.stripe:payments-core:20.52.0] AndroidManifest.xml:21:13-37
204            android:theme="@style/StripeDefaultTheme" />
204-->[com.stripe:payments-core:20.52.0] AndroidManifest.xml:22:13-54
205        <activity
205-->[com.stripe:payments-core:20.52.0] AndroidManifest.xml:23:9-26:57
206            android:name="com.stripe.android.view.PaymentFlowActivity"
206-->[com.stripe:payments-core:20.52.0] AndroidManifest.xml:24:13-71
207            android:exported="false"
207-->[com.stripe:payments-core:20.52.0] AndroidManifest.xml:25:13-37
208            android:theme="@style/StripeDefaultTheme" />
208-->[com.stripe:payments-core:20.52.0] AndroidManifest.xml:26:13-54
209        <activity
209-->[com.stripe:payments-core:20.52.0] AndroidManifest.xml:27:9-30:57
210            android:name="com.stripe.android.view.PaymentAuthWebViewActivity"
210-->[com.stripe:payments-core:20.52.0] AndroidManifest.xml:28:13-78
211            android:exported="false"
211-->[com.stripe:payments-core:20.52.0] AndroidManifest.xml:29:13-37
212            android:theme="@style/StripeDefaultTheme" />
212-->[com.stripe:payments-core:20.52.0] AndroidManifest.xml:30:13-54
213        <activity
213-->[com.stripe:payments-core:20.52.0] AndroidManifest.xml:31:9-34:61
214            android:name="com.stripe.android.view.PaymentRelayActivity"
214-->[com.stripe:payments-core:20.52.0] AndroidManifest.xml:32:13-72
215            android:exported="false"
215-->[com.stripe:payments-core:20.52.0] AndroidManifest.xml:33:13-37
216            android:theme="@style/StripeTransparentTheme" />
216-->[com.stripe:payments-core:20.52.0] AndroidManifest.xml:34:13-58
217        <!--
218        Set android:launchMode="singleTop" so that the StripeBrowserLauncherActivity instance that
219        launched the browser Activity will also handle the return URL deep link.
220        -->
221        <activity
221-->[com.stripe:payments-core:20.52.0] AndroidManifest.xml:40:9-44:61
222            android:name="com.stripe.android.payments.StripeBrowserLauncherActivity"
222-->[com.stripe:payments-core:20.52.0] AndroidManifest.xml:41:13-85
223            android:exported="false"
223-->[com.stripe:payments-core:20.52.0] AndroidManifest.xml:42:13-37
224            android:launchMode="singleTask"
224-->[com.stripe:payments-core:20.52.0] AndroidManifest.xml:43:13-44
225            android:theme="@style/StripeTransparentTheme" />
225-->[com.stripe:payments-core:20.52.0] AndroidManifest.xml:44:13-58
226        <activity
226-->[com.stripe:payments-core:20.52.0] AndroidManifest.xml:45:9-62:20
227            android:name="com.stripe.android.payments.StripeBrowserProxyReturnActivity"
227-->[com.stripe:payments-core:20.52.0] AndroidManifest.xml:46:13-88
228            android:exported="true"
228-->[com.stripe:payments-core:20.52.0] AndroidManifest.xml:47:13-36
229            android:launchMode="singleTask"
229-->[com.stripe:payments-core:20.52.0] AndroidManifest.xml:48:13-44
230            android:theme="@style/StripeTransparentTheme" >
230-->[com.stripe:payments-core:20.52.0] AndroidManifest.xml:49:13-58
231            <intent-filter>
231-->[com.stripe:payments-core:20.52.0] AndroidManifest.xml:50:13-61:29
232                <action android:name="android.intent.action.VIEW" />
232-->src\main\AndroidManifest.xml:68:17-69
232-->src\main\AndroidManifest.xml:68:25-66
233
234                <category android:name="android.intent.category.DEFAULT" />
234-->src\main\AndroidManifest.xml:69:17-76
234-->src\main\AndroidManifest.xml:69:27-73
235                <category android:name="android.intent.category.BROWSABLE" />
235-->src\main\AndroidManifest.xml:70:17-78
235-->src\main\AndroidManifest.xml:70:27-75
236
237                <!-- Must match `DefaultReturnUrl#value`. -->
238                <data
238-->src\main\AndroidManifest.xml:71:17-74
239                    android:host="payment_return_url"
240                    android:path="/com.rentacar"
241                    android:scheme="stripesdk" />
241-->src\main\AndroidManifest.xml:71:23-71
242            </intent-filter>
243        </activity>
244        <activity
244-->[com.stripe:payments-core:20.52.0] AndroidManifest.xml:63:9-66:57
245            android:name="com.stripe.android.payments.core.authentication.threeds2.Stripe3ds2TransactionActivity"
245-->[com.stripe:payments-core:20.52.0] AndroidManifest.xml:64:13-114
246            android:exported="false"
246-->[com.stripe:payments-core:20.52.0] AndroidManifest.xml:65:13-37
247            android:theme="@style/StripeDefaultTheme" />
247-->[com.stripe:payments-core:20.52.0] AndroidManifest.xml:66:13-54
248        <activity
248-->[com.stripe:payments-core:20.52.0] AndroidManifest.xml:67:9-70:66
249            android:name="com.stripe.android.googlepaylauncher.GooglePayLauncherActivity"
249-->[com.stripe:payments-core:20.52.0] AndroidManifest.xml:68:13-90
250            android:exported="false"
250-->[com.stripe:payments-core:20.52.0] AndroidManifest.xml:69:13-37
251            android:theme="@style/StripeGooglePayDefaultTheme" />
251-->[com.stripe:payments-core:20.52.0] AndroidManifest.xml:70:13-63
252        <activity
252-->[com.stripe:payments-core:20.52.0] AndroidManifest.xml:71:9-74:66
253            android:name="com.stripe.android.googlepaylauncher.GooglePayPaymentMethodLauncherActivity"
253-->[com.stripe:payments-core:20.52.0] AndroidManifest.xml:72:13-103
254            android:exported="false"
254-->[com.stripe:payments-core:20.52.0] AndroidManifest.xml:73:13-37
255            android:theme="@style/StripeGooglePayDefaultTheme" />
255-->[com.stripe:payments-core:20.52.0] AndroidManifest.xml:74:13-63
256        <activity
256-->[com.stripe:payments-core:20.52.0] AndroidManifest.xml:75:9-78:68
257            android:name="com.stripe.android.payments.paymentlauncher.PaymentLauncherConfirmationActivity"
257-->[com.stripe:payments-core:20.52.0] AndroidManifest.xml:76:13-107
258            android:exported="false"
258-->[com.stripe:payments-core:20.52.0] AndroidManifest.xml:77:13-37
259            android:theme="@style/StripePayLauncherDefaultTheme" />
259-->[com.stripe:payments-core:20.52.0] AndroidManifest.xml:78:13-65
260        <activity
260-->[com.stripe:payments-core:20.52.0] AndroidManifest.xml:79:9-82:61
261            android:name="com.stripe.android.payments.bankaccount.ui.CollectBankAccountActivity"
261-->[com.stripe:payments-core:20.52.0] AndroidManifest.xml:80:13-97
262            android:exported="false"
262-->[com.stripe:payments-core:20.52.0] AndroidManifest.xml:81:13-37
263            android:theme="@style/StripeTransparentTheme" />
263-->[com.stripe:payments-core:20.52.0] AndroidManifest.xml:82:13-58
264        <activity
264-->[com.stripe:stripe-3ds2-android:6.1.8] AndroidManifest.xml:8:9-11:54
265            android:name="com.stripe.android.stripe3ds2.views.ChallengeActivity"
265-->[com.stripe:stripe-3ds2-android:6.1.8] AndroidManifest.xml:9:13-81
266            android:exported="false"
266-->[com.stripe:stripe-3ds2-android:6.1.8] AndroidManifest.xml:10:13-37
267            android:theme="@style/Stripe3DS2Theme" />
267-->[com.stripe:stripe-3ds2-android:6.1.8] AndroidManifest.xml:11:13-51
268        <activity android:name="com.facebook.CustomTabMainActivity" />
268-->[com.facebook.android:facebook-common:16.3.0] AndroidManifest.xml:26:9-71
268-->[com.facebook.android:facebook-common:16.3.0] AndroidManifest.xml:26:19-68
269        <activity
269-->[com.google.android.gms:play-services-auth:21.0.0] AndroidManifest.xml:23:9-27:75
270            android:name="com.google.android.gms.auth.api.signin.internal.SignInHubActivity"
270-->[com.google.android.gms:play-services-auth:21.0.0] AndroidManifest.xml:24:13-93
271            android:excludeFromRecents="true"
271-->[com.google.android.gms:play-services-auth:21.0.0] AndroidManifest.xml:25:13-46
272            android:exported="false"
272-->[com.google.android.gms:play-services-auth:21.0.0] AndroidManifest.xml:26:13-37
273            android:theme="@android:style/Theme.Translucent.NoTitleBar" />
273-->[com.google.android.gms:play-services-auth:21.0.0] AndroidManifest.xml:27:13-72
274        <!--
275            Service handling Google Sign-In user revocation. For apps that do not integrate with
276            Google Sign-In, this service will never be started.
277        -->
278        <service
278-->[com.google.android.gms:play-services-auth:21.0.0] AndroidManifest.xml:33:9-37:51
279            android:name="com.google.android.gms.auth.api.signin.RevocationBoundService"
279-->[com.google.android.gms:play-services-auth:21.0.0] AndroidManifest.xml:34:13-89
280            android:exported="true"
280-->[com.google.android.gms:play-services-auth:21.0.0] AndroidManifest.xml:35:13-36
281            android:permission="com.google.android.gms.auth.api.signin.permission.REVOCATION_NOTIFICATION"
281-->[com.google.android.gms:play-services-auth:21.0.0] AndroidManifest.xml:36:13-107
282            android:visibleToInstantApps="true" />
282-->[com.google.android.gms:play-services-auth:21.0.0] AndroidManifest.xml:37:13-48
283        <service
283-->[com.google.firebase:firebase-auth-ktx:22.3.1] AndroidManifest.xml:8:9-14:19
284            android:name="com.google.firebase.components.ComponentDiscoveryService"
284-->[com.google.firebase:firebase-auth-ktx:22.3.1] AndroidManifest.xml:9:13-84
285            android:directBootAware="true"
285-->[com.google.firebase:firebase-common:20.4.2] AndroidManifest.xml:32:13-43
286            android:exported="false" >
286-->[com.google.firebase:firebase-auth-ktx:22.3.1] AndroidManifest.xml:10:13-37
287            <meta-data